2022-03-01 16:02:33 INFO  Version:44 - HHH000412: Hibernate ORM core version 5.6.5.Final
2022-03-01 16:02:33 INFO  Environment:184 - HHH000205: Loaded properties from resource hibernate.properties: {hibernate.connection.driver_class=com.microsoft.sqlserver.jdbc.SQLServerDriver, hibernate.hbm2ddl.auto=update, hibernate.dialect=org.hibernate.dialect.SQLServerDialect, hibernate.connection.password=****, hibernate.connection.username=cullenkuch, hibernate.connection.url=jdbc:sqlserver://cullensfirstserver.database.windows.net:1433;database=myDatabase;user=cullenkuch@cullensfirstserver;password={your_password_here};encrypt=true;trustServerCertificate=false;hostNameInCertificate=*.database.windows.net;loginTimeout=30;, hibernate.bytecode.use_reflection_optimizer=false, hibernate.show_sql=true}
2022-03-01 16:02:33 INFO  Version:56 - HCANN000001: Hibernate Commons Annotations {5.1.2.Final}
2022-03-01 16:02:33 WARN  pooling:72 - HHH10001002: Using Hibernate built-in connection pool (not for production use!)
2022-03-01 16:02:33 INFO  pooling:115 - HHH10001005: using driver [com.microsoft.sqlserver.jdbc.SQLServerDriver] at URL [jdbc:sqlserver://cullensfirstserver.database.windows.net:1433;database=myDatabase;user=cullenkuch@cullensfirstserver;password={your_password_here};encrypt=true;trustServerCertificate=false;hostNameInCertificate=*.database.windows.net;loginTimeout=30;]
2022-03-01 16:02:33 INFO  pooling:124 - HHH10001001: Connection properties: {password=****, user=cullenkuch}
2022-03-01 16:02:33 INFO  pooling:129 - HHH10001003: Autocommit mode: false
2022-03-01 16:02:33 INFO  DriverManagerConnectionProviderImpl:274 - HHH000115: Hibernate connection pool size: 20 (min=1)
2022-03-01 16:02:34 INFO  Dialect:175 - HHH000400: Using dialect: org.hibernate.dialect.SQLServerDialect
2022-03-01 16:02:35 INFO  access:48 - HHH10001501: Connection obtained from JdbcConnectionAccess [org.hibernate.engine.jdbc.env.internal.JdbcEnvironmentInitiator$ConnectionProviderJdbcConnectionAccess@75483843] for (non-JTA) DDL execution was not in auto-commit mode; the Connection 'local transaction' will be committed and the Connection will be set into auto-commit mode.
2022-03-01 16:02:35 INFO  JtaPlatformInitiator:52 - HHH000490: Using JtaPlatform implementation: [org.hibernate.engine.transaction.jta.platform.internal.NoJtaPlatform]
2022-03-01 16:03:00 INFO  Version:44 - HHH000412: Hibernate ORM core version 5.6.5.Final
2022-03-01 16:03:00 INFO  Environment:184 - HHH000205: Loaded properties from resource hibernate.properties: {hibernate.connection.driver_class=com.microsoft.sqlserver.jdbc.SQLServerDriver, hibernate.hbm2ddl.auto=update, hibernate.dialect=org.hibernate.dialect.SQLServerDialect, hibernate.connection.password=****, hibernate.connection.username=cullenkuch, hibernate.connection.url=jdbc:sqlserver://cullensfirstserver.database.windows.net:1433;database=myDatabase;user=cullenkuch@cullensfirstserver;password={your_password_here};encrypt=true;trustServerCertificate=false;hostNameInCertificate=*.database.windows.net;loginTimeout=30;, hibernate.bytecode.use_reflection_optimizer=false, hibernate.show_sql=true}
2022-03-01 16:03:00 INFO  Version:56 - HCANN000001: Hibernate Commons Annotations {5.1.2.Final}
2022-03-01 16:03:01 WARN  pooling:72 - HHH10001002: Using Hibernate built-in connection pool (not for production use!)
2022-03-01 16:03:01 INFO  pooling:115 - HHH10001005: using driver [com.microsoft.sqlserver.jdbc.SQLServerDriver] at URL [jdbc:sqlserver://cullensfirstserver.database.windows.net:1433;database=myDatabase;user=cullenkuch@cullensfirstserver;password={your_password_here};encrypt=true;trustServerCertificate=false;hostNameInCertificate=*.database.windows.net;loginTimeout=30;]
2022-03-01 16:03:01 INFO  pooling:124 - HHH10001001: Connection properties: {password=****, user=cullenkuch}
2022-03-01 16:03:01 INFO  pooling:129 - HHH10001003: Autocommit mode: false
2022-03-01 16:03:01 INFO  DriverManagerConnectionProviderImpl:274 - HHH000115: Hibernate connection pool size: 20 (min=1)
2022-03-01 16:03:01 INFO  Dialect:175 - HHH000400: Using dialect: org.hibernate.dialect.SQLServerDialect
2022-03-01 16:03:02 INFO  access:48 - HHH10001501: Connection obtained from JdbcConnectionAccess [org.hibernate.engine.jdbc.env.internal.JdbcEnvironmentInitiator$ConnectionProviderJdbcConnectionAccess@75483843] for (non-JTA) DDL execution was not in auto-commit mode; the Connection 'local transaction' will be committed and the Connection will be set into auto-commit mode.
2022-03-01 16:03:02 INFO  JtaPlatformInitiator:52 - HHH000490: Using JtaPlatform implementation: [org.hibernate.engine.transaction.jta.platform.internal.NoJtaPlatform]
2022-03-01 16:08:02 INFO  Version:44 - HHH000412: Hibernate ORM core version 5.6.5.Final
2022-03-01 16:08:02 INFO  Environment:184 - HHH000205: Loaded properties from resource hibernate.properties: {hibernate.connection.driver_class=com.microsoft.sqlserver.jdbc.SQLServerDriver, hibernate.hbm2ddl.auto=update, hibernate.dialect=org.hibernate.dialect.SQLServerDialect, hibernate.connection.password=****, hibernate.connection.username=cullenkuch, hibernate.connection.url=jdbc:sqlserver://cullensfirstserver.database.windows.net:1433;database=myDatabase;user=cullenkuch@cullensfirstserver;password={your_password_here};encrypt=true;trustServerCertificate=false;hostNameInCertificate=*.database.windows.net;loginTimeout=30;, hibernate.bytecode.use_reflection_optimizer=false, hibernate.show_sql=true}
2022-03-01 16:08:02 INFO  Version:56 - HCANN000001: Hibernate Commons Annotations {5.1.2.Final}
2022-03-01 16:08:02 WARN  pooling:72 - HHH10001002: Using Hibernate built-in connection pool (not for production use!)
2022-03-01 16:08:02 INFO  pooling:115 - HHH10001005: using driver [com.microsoft.sqlserver.jdbc.SQLServerDriver] at URL [jdbc:sqlserver://cullensfirstserver.database.windows.net:1433;database=myDatabase;user=cullenkuch@cullensfirstserver;password={your_password_here};encrypt=true;trustServerCertificate=false;hostNameInCertificate=*.database.windows.net;loginTimeout=30;]
2022-03-01 16:08:02 INFO  pooling:124 - HHH10001001: Connection properties: {password=****, user=cullenkuch}
2022-03-01 16:08:02 INFO  pooling:129 - HHH10001003: Autocommit mode: false
2022-03-01 16:08:02 INFO  DriverManagerConnectionProviderImpl:274 - HHH000115: Hibernate connection pool size: 20 (min=1)
2022-03-01 16:08:03 INFO  Dialect:175 - HHH000400: Using dialect: org.hibernate.dialect.SQLServerDialect
2022-03-01 16:08:03 INFO  access:48 - HHH10001501: Connection obtained from JdbcConnectionAccess [org.hibernate.engine.jdbc.env.internal.JdbcEnvironmentInitiator$ConnectionProviderJdbcConnectionAccess@75483843] for (non-JTA) DDL execution was not in auto-commit mode; the Connection 'local transaction' will be committed and the Connection will be set into auto-commit mode.
2022-03-01 16:08:03 INFO  JtaPlatformInitiator:52 - HHH000490: Using JtaPlatform implementation: [org.hibernate.engine.transaction.jta.platform.internal.NoJtaPlatform]
2022-03-02 12:20:54 INFO  Version:44 - HHH000412: Hibernate ORM core version 5.6.5.Final
2022-03-02 12:20:54 INFO  Environment:184 - HHH000205: Loaded properties from resource hibernate.properties: {hibernate.connection.driver_class=com.microsoft.sqlserver.jdbc.SQLServerDriver, hibernate.hbm2ddl.auto=update, hibernate.dialect=org.hibernate.dialect.SQLServerDialect, hibernate.connection.password=****, hibernate.connection.username=cullenkuch, hibernate.connection.url=jdbc:sqlserver://cullensfirstserver.database.windows.net:1433;database=myDatabase;user=cullenkuch@cullensfirstserver;password={your_password_here};encrypt=true;trustServerCertificate=false;hostNameInCertificate=*.database.windows.net;loginTimeout=30;, hibernate.bytecode.use_reflection_optimizer=false, hibernate.show_sql=true}
2022-03-02 12:20:54 INFO  Version:56 - HCANN000001: Hibernate Commons Annotations {5.1.2.Final}
2022-03-02 12:20:54 WARN  pooling:72 - HHH10001002: Using Hibernate built-in connection pool (not for production use!)
2022-03-02 12:20:54 INFO  pooling:115 - HHH10001005: using driver [com.microsoft.sqlserver.jdbc.SQLServerDriver] at URL [jdbc:sqlserver://cullensfirstserver.database.windows.net:1433;database=myDatabase;user=cullenkuch@cullensfirstserver;password={your_password_here};encrypt=true;trustServerCertificate=false;hostNameInCertificate=*.database.windows.net;loginTimeout=30;]
2022-03-02 12:20:54 INFO  pooling:124 - HHH10001001: Connection properties: {password=****, user=cullenkuch}
2022-03-02 12:20:54 INFO  pooling:129 - HHH10001003: Autocommit mode: false
2022-03-02 12:20:54 INFO  DriverManagerConnectionProviderImpl:274 - HHH000115: Hibernate connection pool size: 20 (min=1)
2022-03-02 12:20:55 INFO  Dialect:175 - HHH000400: Using dialect: org.hibernate.dialect.SQLServerDialect
2022-03-02 12:20:55 INFO  access:48 - HHH10001501: Connection obtained from JdbcConnectionAccess [org.hibernate.engine.jdbc.env.internal.JdbcEnvironmentInitiator$ConnectionProviderJdbcConnectionAccess@75483843] for (non-JTA) DDL execution was not in auto-commit mode; the Connection 'local transaction' will be committed and the Connection will be set into auto-commit mode.
2022-03-02 12:20:56 INFO  JtaPlatformInitiator:52 - HHH000490: Using JtaPlatform implementation: [org.hibernate.engine.transaction.jta.platform.internal.NoJtaPlatform]
2022-03-02 13:24:05 INFO  Version:44 - HHH000412: Hibernate ORM core version 5.6.5.Final
2022-03-02 13:24:05 INFO  Environment:184 - HHH000205: Loaded properties from resource hibernate.properties: {hibernate.connection.driver_class=com.microsoft.sqlserver.jdbc.SQLServerDriver, hibernate.hbm2ddl.auto=update, hibernate.dialect=org.hibernate.dialect.SQLServerDialect, hibernate.connection.password=****, hibernate.connection.username=cullenkuch, hibernate.connection.url=jdbc:sqlserver://cullensfirstserver.database.windows.net:1433;database=myDatabase;user=cullenkuch@cullensfirstserver;password={your_password_here};encrypt=true;trustServerCertificate=false;hostNameInCertificate=*.database.windows.net;loginTimeout=30;, hibernate.bytecode.use_reflection_optimizer=false, hibernate.show_sql=true}
2022-03-02 13:24:05 INFO  Version:56 - HCANN000001: Hibernate Commons Annotations {5.1.2.Final}
2022-03-02 13:24:05 WARN  pooling:72 - HHH10001002: Using Hibernate built-in connection pool (not for production use!)
2022-03-02 13:24:06 INFO  pooling:115 - HHH10001005: using driver [com.microsoft.sqlserver.jdbc.SQLServerDriver] at URL [jdbc:sqlserver://cullensfirstserver.database.windows.net:1433;database=myDatabase;user=cullenkuch@cullensfirstserver;password={your_password_here};encrypt=true;trustServerCertificate=false;hostNameInCertificate=*.database.windows.net;loginTimeout=30;]
2022-03-02 13:24:06 INFO  pooling:124 - HHH10001001: Connection properties: {password=****, user=cullenkuch}
2022-03-02 13:24:06 INFO  pooling:129 - HHH10001003: Autocommit mode: false
2022-03-02 13:24:06 INFO  DriverManagerConnectionProviderImpl:274 - HHH000115: Hibernate connection pool size: 20 (min=1)
2022-03-02 13:24:06 INFO  Dialect:175 - HHH000400: Using dialect: org.hibernate.dialect.SQLServerDialect
2022-03-02 13:24:07 INFO  access:48 - HHH10001501: Connection obtained from JdbcConnectionAccess [org.hibernate.engine.jdbc.env.internal.JdbcEnvironmentInitiator$ConnectionProviderJdbcConnectionAccess@4e08acf9] for (non-JTA) DDL execution was not in auto-commit mode; the Connection 'local transaction' will be committed and the Connection will be set into auto-commit mode.
2022-03-02 13:24:07 INFO  JtaPlatformInitiator:52 - HHH000490: Using JtaPlatform implementation: [org.hibernate.engine.transaction.jta.platform.internal.NoJtaPlatform]
2022-03-02 13:25:25 INFO  Version:44 - HHH000412: Hibernate ORM core version 5.6.5.Final
2022-03-02 13:25:25 INFO  Environment:184 - HHH000205: Loaded properties from resource hibernate.properties: {hibernate.connection.driver_class=com.microsoft.sqlserver.jdbc.SQLServerDriver, hibernate.hbm2ddl.auto=update, hibernate.dialect=org.hibernate.dialect.SQLServerDialect, hibernate.connection.password=****, hibernate.connection.username=cullenkuch, hibernate.connection.url=jdbc:sqlserver://cullensfirstserver.database.windows.net:1433;database=myDatabase;user=cullenkuch@cullensfirstserver;password={your_password_here};encrypt=true;trustServerCertificate=false;hostNameInCertificate=*.database.windows.net;loginTimeout=30;, hibernate.bytecode.use_reflection_optimizer=false, hibernate.show_sql=true}
2022-03-02 13:25:25 INFO  Version:56 - HCANN000001: Hibernate Commons Annotations {5.1.2.Final}
2022-03-02 13:25:25 WARN  pooling:72 - HHH10001002: Using Hibernate built-in connection pool (not for production use!)
2022-03-02 13:25:25 INFO  pooling:115 - HHH10001005: using driver [com.microsoft.sqlserver.jdbc.SQLServerDriver] at URL [jdbc:sqlserver://cullensfirstserver.database.windows.net:1433;database=myDatabase;user=cullenkuch@cullensfirstserver;password={your_password_here};encrypt=true;trustServerCertificate=false;hostNameInCertificate=*.database.windows.net;loginTimeout=30;]
2022-03-02 13:25:25 INFO  pooling:124 - HHH10001001: Connection properties: {password=****, user=cullenkuch}
2022-03-02 13:25:25 INFO  pooling:129 - HHH10001003: Autocommit mode: false
2022-03-02 13:25:25 INFO  DriverManagerConnectionProviderImpl:274 - HHH000115: Hibernate connection pool size: 20 (min=1)
2022-03-02 13:25:26 INFO  Dialect:175 - HHH000400: Using dialect: org.hibernate.dialect.SQLServerDialect
2022-03-02 13:25:26 INFO  access:48 - HHH10001501: Connection obtained from JdbcConnectionAccess [org.hibernate.engine.jdbc.env.internal.JdbcEnvironmentInitiator$ConnectionProviderJdbcConnectionAccess@42ea287] for (non-JTA) DDL execution was not in auto-commit mode; the Connection 'local transaction' will be committed and the Connection will be set into auto-commit mode.
2022-03-02 13:25:27 INFO  JtaPlatformInitiator:52 - HHH000490: Using JtaPlatform implementation: [org.hibernate.engine.transaction.jta.platform.internal.NoJtaPlatform]
2022-03-02 19:02:28 INFO  Version:44 - HHH000412: Hibernate ORM core version 5.6.5.Final
2022-03-02 19:02:28 INFO  Environment:184 - HHH000205: Loaded properties from resource hibernate.properties: {hibernate.connection.driver_class=com.microsoft.sqlserver.jdbc.SQLServerDriver, hibernate.hbm2ddl.auto=update, hibernate.dialect=org.hibernate.dialect.SQLServerDialect, hibernate.connection.password=****, hibernate.connection.username=cullenkuch, hibernate.connection.url=jdbc:sqlserver://cullensfirstserver.database.windows.net:1433;database=myDatabase;user=cullenkuch@cullensfirstserver;password={your_password_here};encrypt=true;trustServerCertificate=false;hostNameInCertificate=*.database.windows.net;loginTimeout=30;, hibernate.bytecode.use_reflection_optimizer=false, hibernate.show_sql=true}
2022-03-02 19:02:28 INFO  Version:56 - HCANN000001: Hibernate Commons Annotations {5.1.2.Final}
2022-03-02 19:02:28 WARN  pooling:72 - HHH10001002: Using Hibernate built-in connection pool (not for production use!)
2022-03-02 19:02:28 INFO  pooling:115 - HHH10001005: using driver [com.microsoft.sqlserver.jdbc.SQLServerDriver] at URL [jdbc:sqlserver://cullensfirstserver.database.windows.net:1433;database=myDatabase;user=cullenkuch@cullensfirstserver;password={your_password_here};encrypt=true;trustServerCertificate=false;hostNameInCertificate=*.database.windows.net;loginTimeout=30;]
2022-03-02 19:02:28 INFO  pooling:124 - HHH10001001: Connection properties: {password=****, user=cullenkuch}
2022-03-02 19:02:28 INFO  pooling:129 - HHH10001003: Autocommit mode: false
2022-03-02 19:02:28 INFO  DriverManagerConnectionProviderImpl:274 - HHH000115: Hibernate connection pool size: 20 (min=1)
2022-03-02 19:02:29 INFO  Dialect:175 - HHH000400: Using dialect: org.hibernate.dialect.SQLServerDialect
2022-03-02 19:02:30 INFO  access:48 - HHH10001501: Connection obtained from JdbcConnectionAccess [org.hibernate.engine.jdbc.env.internal.JdbcEnvironmentInitiator$ConnectionProviderJdbcConnectionAccess@4e08acf9] for (non-JTA) DDL execution was not in auto-commit mode; the Connection 'local transaction' will be committed and the Connection will be set into auto-commit mode.
2022-03-02 19:02:31 INFO  JtaPlatformInitiator:52 - HHH000490: Using JtaPlatform implementation: [org.hibernate.engine.transaction.jta.platform.internal.NoJtaPlatform]
2022-03-02 19:19:38 INFO  Version:44 - HHH000412: Hibernate ORM core version 5.6.5.Final
2022-03-02 19:19:38 INFO  Environment:184 - HHH000205: Loaded properties from resource hibernate.properties: {hibernate.connection.driver_class=com.microsoft.sqlserver.jdbc.SQLServerDriver, hibernate.hbm2ddl.auto=update, hibernate.dialect=org.hibernate.dialect.SQLServerDialect, hibernate.connection.password=****, hibernate.connection.username=cullenkuch, hibernate.connection.url=jdbc:sqlserver://cullensfirstserver.database.windows.net:1433;database=myDatabase;user=cullenkuch@cullensfirstserver;password={your_password_here};encrypt=true;trustServerCertificate=false;hostNameInCertificate=*.database.windows.net;loginTimeout=30;, hibernate.bytecode.use_reflection_optimizer=false, hibernate.show_sql=true}
2022-03-02 19:19:38 INFO  Version:56 - HCANN000001: Hibernate Commons Annotations {5.1.2.Final}
2022-03-02 19:19:38 WARN  pooling:72 - HHH10001002: Using Hibernate built-in connection pool (not for production use!)
2022-03-02 19:19:38 INFO  pooling:115 - HHH10001005: using driver [com.microsoft.sqlserver.jdbc.SQLServerDriver] at URL [jdbc:sqlserver://cullensfirstserver.database.windows.net:1433;database=myDatabase;user=cullenkuch@cullensfirstserver;password={your_password_here};encrypt=true;trustServerCertificate=false;hostNameInCertificate=*.database.windows.net;loginTimeout=30;]
2022-03-02 19:19:38 INFO  pooling:124 - HHH10001001: Connection properties: {password=****, user=cullenkuch}
2022-03-02 19:19:38 INFO  pooling:129 - HHH10001003: Autocommit mode: false
2022-03-02 19:19:38 INFO  DriverManagerConnectionProviderImpl:274 - HHH000115: Hibernate connection pool size: 20 (min=1)
2022-03-02 19:19:39 INFO  Dialect:175 - HHH000400: Using dialect: org.hibernate.dialect.SQLServerDialect
2022-03-02 19:19:40 INFO  access:48 - HHH10001501: Connection obtained from JdbcConnectionAccess [org.hibernate.engine.jdbc.env.internal.JdbcEnvironmentInitiator$ConnectionProviderJdbcConnectionAccess@42ea287] for (non-JTA) DDL execution was not in auto-commit mode; the Connection 'local transaction' will be committed and the Connection will be set into auto-commit mode.
2022-03-02 19:19:40 INFO  JtaPlatformInitiator:52 - HHH000490: Using JtaPlatform implementation: [org.hibernate.engine.transaction.jta.platform.internal.NoJtaPlatform]
